<?xml version="1.0" encoding="UTF-8"?>
<testsuite name="com.mycompany.app.schools.PhoneNumberTest" tests="4" skipped="0" failures="0" errors="0" timestamp="2024-03-20T23:57:40" hostname="JASON-INTEL" time="0.015">
  <properties/>
  <testcase name="testToString()" classname="com.mycompany.app.schools.PhoneNumberTest" time="0.008"/>
  <testcase name="getAreaCode()" classname="com.mycompany.app.schools.PhoneNumberTest" time="0.001"/>
  <testcase name="testHashCode()" classname="com.mycompany.app.schools.PhoneNumberTest" time="0.0"/>
  <testcase name="testEquals()" classname="com.mycompany.app.schools.PhoneNumberTest" time="0.001"/>
  <system-out><![CDATA[]]></system-out>
  <system-err><![CDATA[]]></system-err>
</testsuite>
