<?xml version="1.0" encoding="UTF-8"?>
<testsuite name="com.mycompany.app.ImportResidencesTest" tests="2" skipped="0" failures="0" errors="0" timestamp="2024-03-28T15:31:53" hostname="JASON-INTEL" time="0.005">
  <properties/>
  <testcase name="readCSV()" classname="com.mycompany.app.ImportResidencesTest" time="0.004"/>
  <testcase name="assessmentClassListHelper()" classname="com.mycompany.app.ImportResidencesTest" time="0.0"/>
  <system-out><![CDATA[]]></system-out>
  <system-err><![CDATA[]]></system-err>
</testsuite>
