<?xml version="1.0" encoding="UTF-8"?>
<testsuite name="com.mycompany.app.ImportResidencesTest" tests="1" skipped="0" failures="0" errors="0" timestamp="2024-03-22T19:44:47" hostname="brians-mac.lan" time="0.01">
  <properties/>
  <testcase name="assessmentClassListHelper()" classname="com.mycompany.app.ImportResidencesTest" time="0.01"/>
  <system-out><![CDATA[]]></system-out>
  <system-err><![CDATA[]]></system-err>
</testsuite>
