<?xml version="1.0" encoding="UTF-8"?>
<testsuite name="com.mycompany.app.utilities.CalculateDistanceTest" tests="1" skipped="0" failures="0" errors="0" timestamp="2024-03-28T01:51:51" hostname="Brians-Mac.local" time="0.023">
  <properties/>
  <testcase name="AssessmentValueStatisticsTest()" classname="com.mycompany.app.utilities.CalculateDistanceTest" time="0.023"/>
  <system-out><![CDATA[]]></system-out>
  <system-err><![CDATA[]]></system-err>
</testsuite>
