<?xml version="1.0" encoding="UTF-8"?>
<testsuite name="com.mycompany.app.schools.CoordinatesTest" tests="5" skipped="0" failures="0" errors="0" timestamp="2024-03-20T23:57:40" hostname="JASON-INTEL" time="0.013">
  <properties/>
  <testcase name="testToString()" classname="com.mycompany.app.schools.CoordinatesTest" time="0.004"/>
  <testcase name="getLongitude()" classname="com.mycompany.app.schools.CoordinatesTest" time="0.001"/>
  <testcase name="getLatitude()" classname="com.mycompany.app.schools.CoordinatesTest" time="0.001"/>
  <testcase name="testHashCode()" classname="com.mycompany.app.schools.CoordinatesTest" time="0.002"/>
  <testcase name="testEquals()" classname="com.mycompany.app.schools.CoordinatesTest" time="0.001"/>
  <system-out><![CDATA[]]></system-out>
  <system-err><![CDATA[]]></system-err>
</testsuite>
