<?xml version="1.0" encoding="UTF-8"?>
<testsuite name="com.mycompany.app.residential.AssessmentClassTest" tests="4" skipped="0" failures="0" errors="0" timestamp="2024-03-28T15:31:53" hostname="JASON-INTEL" time="0.008">
  <properties/>
  <testcase name="testToString()" classname="com.mycompany.app.residential.AssessmentClassTest" time="0.004"/>
  <testcase name="testHashCode()" classname="com.mycompany.app.residential.AssessmentClassTest" time="0.001"/>
  <testcase name="testEquals()" classname="com.mycompany.app.residential.AssessmentClassTest" time="0.001"/>
  <testcase name="getAssessmentClassName()" classname="com.mycompany.app.residential.AssessmentClassTest" time="0.001"/>
  <system-out><![CDATA[]]></system-out>
  <system-err><![CDATA[]]></system-err>
</testsuite>
